<?xml version='1.0' encoding='UTF-8'?>
<testsuite hostname="pierre-virtual-machine" name="MowerTests" tests="4" errors="0" failures="0" skipped="0" time="0.076" timestamp="2020-04-20T16:58:13">
                     <properties>
[...]
</properties>
                     <testcase classname="MowerTests" name="A turn should return a mower with a new orientation of position if it is G or D" time="0.068">
                                                 
                                               </testcase><testcase classname="MowerTests" name="An advance should increase abscisse or ordonnee according to orientation" time="0.003">
                                                 
                                               </testcase><testcase classname="MowerTests" name="An advance should return Illegal Argument exception if going out of the garden" time="0.001">
                                                 
                                               </testcase><testcase classname="MowerTests" name="Run should Run all command in a string of command" time="0.004">
                                                 
                                               </testcase>
                     <system-out><![CDATA[]]></system-out>
                     <system-err><![CDATA[]]></system-err>
                   </testsuite>