<?xml version='1.0' encoding='UTF-8'?>
<testsuite hostname="pierrel-virtual-machine" name="ParserTest" tests="6" errors="0" failures="0" skipped="0" time="0.045" timestamp="2019-11-15T15:59:01">
                     <properties>
[...]
</properties>
                     <testcase classname="ParserTest" name="Parse File should return a tuple of the garden and the list of tuple (position, movements)" time="0.03">
                                                 
                                               </testcase><testcase classname="ParserTest" name="Parse Garden should return an error as right if there is and odd number of tuple (position, movements)" time="0.001">
                                                 
                                               </testcase><testcase classname="ParserTest" name="Parse Garden should return a garden as right if there is and even number of tuple (position, movements)" time="0.002">
                                                 
                                               </testcase><testcase classname="ParserTest" name="Parse Position should return a position if it is of format Int Int Char (Char in N O E S)" time="0.009">
                                                 
                                               </testcase><testcase classname="ParserTest" name="Parse Position should return an error if it is not of format Int Int Char (Char in N O E S)" time="0.002">
                                                 
                                               </testcase><testcase classname="ParserTest" name="Unparse Position should return an string a position from a position" time="0.001">
                                                 
                                               </testcase>
                     <system-out><![CDATA[]]></system-out>
                     <system-err><![CDATA[]]></system-err>
                   </testsuite>